0 info it worked if it ends with ok
1 verbose cli [ 'node', '/usr/local/bin/npm', 'uninstall', 'log4js' ]
2 info using npm@1.4.28
3 info using node@v0.10.36
4 verbose node_modules/log4js unbuild
5 info preuninstall log4js@0.6.22
6 info uninstall log4js@0.6.22
7 verbose true,/Users/arashcuzi/Dropbox/Schoolwork - Portfolio/Shawn/Web Development/Node.js/project/node_modules,/Users/arashcuzi/Dropbox/Schoolwork - Portfolio/Shawn/Web Development/Node.js/project/node_modules unbuild log4js@0.6.22
8 info postuninstall log4js@0.6.22
9 error Error: EACCES, unlink '/Users/arashcuzi/Dropbox/Schoolwork - Portfolio/Shawn/Web Development/Node.js/project/node_modules/log4js/node_modules/.bin/semver'
9 error  { [Error: EACCES, unlink '/Users/arashcuzi/Dropbox/Schoolwork - Portfolio/Shawn/Web Development/Node.js/project/node_modules/log4js/node_modules/.bin/semver']
9 error   errno: 3,
9 error   code: 'EACCES',
9 error   path: '/Users/arashcuzi/Dropbox/Schoolwork - Portfolio/Shawn/Web Development/Node.js/project/node_modules/log4js/node_modules/.bin/semver' }
10 error Please try running this command again as root/Administrator.
11 error System Darwin 14.1.0
12 error command "node" "/usr/local/bin/npm" "uninstall" "log4js"
13 error cwd /Users/arashcuzi/Dropbox/Schoolwork - Portfolio/Shawn/Web Development/Node.js/project
14 error node -v v0.10.36
15 error npm -v 1.4.28
16 error path /Users/arashcuzi/Dropbox/Schoolwork - Portfolio/Shawn/Web Development/Node.js/project/node_modules/log4js/node_modules/.bin/semver
17 error code EACCES
18 error errno 3
19 error stack Error: EACCES, unlink '/Users/arashcuzi/Dropbox/Schoolwork - Portfolio/Shawn/Web Development/Node.js/project/node_modules/log4js/node_modules/.bin/semver'
20 verbose exit [ 3, true ]
